<?xml version="1.0" encoding="UTF-8"?>
<testng-results skipped="0" failed="0" ignored="0" total="3" passed="3">
  <reporter-output>
    <line>
      <![CDATA[pass]]>
    </line>
    <line>
      <![CDATA[pass]]>
    </line>
    <line>
      <![CDATA[pass]]>
    </line>
  </reporter-output>
  <suite name="Default suite" duration-ms="42286" started-at="2022-06-14T09:20:46Z" finished-at="2022-06-14T09:21:28Z">
    <groups>
    </groups>
    <test name="Default test" duration-ms="42286" started-at="2022-06-14T09:20:46Z" finished-at="2022-06-14T09:21:28Z">
      <class name="Pomrepository.callingregistertc">
        <test-method status="PASS" signature="chrome(java.lang.String)[pri:0, instance:Pomrepository.callingregistertc@675d3402]" name="chrome" is-config="true" duration-ms="12880" started-at="2022-06-14T14:50:46Z" finished-at="2022-06-14T14:50:59Z">
          <params>
            <param index="0">
              <value>
                <![CDATA[chrome]]>
              </value>
            </param>
          </params>
          <reporter-output>
          </reporter-output>
        </test-method> <!-- chrome -->
        <test-method status="PASS" signature="register(java.lang.String, java.lang.String, java.lang.String, java.lang.String, java.lang.String)[pri:0, instance:Pomrepository.callingregistertc@675d3402]" name="register" duration-ms="12996" started-at="2022-06-14T14:51:04Z" data-provider="Testdata1" finished-at="2022-06-14T14:51:17Z">
          <params>
            <param index="0">
              <value>
                <![CDATA[bablu]]>
              </value>
            </param>
            <param index="1">
              <value>
                <![CDATA[Srinivas]]>
              </value>
            </param>
            <param index="2">
              <value>
                <![CDATA[srinsfjsdf@gmail.com]]>
              </value>
            </param>
            <param index="3">
              <value>
                <![CDATA[bablu@9690]]>
              </value>
            </param>
            <param index="4">
              <value>
                <![CDATA[bablu@9690]]>
              </value>
            </param>
          </params>
          <reporter-output>
            <line>
              <![CDATA[pass]]>
            </line>
          </reporter-output>
        </test-method> <!-- register -->
        <test-method status="PASS" signature="register(java.lang.String, java.lang.String, java.lang.String, java.lang.String, java.lang.String)[pri:0, instance:Pomrepository.callingregistertc@675d3402]" name="register" duration-ms="5024" started-at="2022-06-14T14:51:17Z" data-provider="Testdata1" finished-at="2022-06-14T14:51:22Z">
          <params>
            <param index="0">
              <value>
                <![CDATA[babli]]>
              </value>
            </param>
            <param index="1">
              <value>
                <![CDATA[Srini]]>
              </value>
            </param>
            <param index="2">
              <value>
                <![CDATA[dbdbf@gmail.com]]>
              </value>
            </param>
            <param index="3">
              <value>
                <![CDATA[bablu@9690]]>
              </value>
            </param>
            <param index="4">
              <value>
                <![CDATA[bablu@9690]]>
              </value>
            </param>
          </params>
          <reporter-output>
            <line>
              <![CDATA[pass]]>
            </line>
          </reporter-output>
        </test-method> <!-- register -->
        <test-method status="PASS" signature="register(java.lang.String, java.lang.String, java.lang.String, java.lang.String, java.lang.String)[pri:0, instance:Pomrepository.callingregistertc@675d3402]" name="register" duration-ms="5475" started-at="2022-06-14T14:51:22Z" data-provider="Testdata1" finished-at="2022-06-14T14:51:28Z">
          <params>
            <param index="0">
              <value>
                <![CDATA[srinu]]>
              </value>
            </param>
            <param index="1">
              <value>
                <![CDATA[babli]]>
              </value>
            </param>
            <param index="2">
              <value>
                <![CDATA[sfsdggweg@gmail.com]]>
              </value>
            </param>
            <param index="3">
              <value>
                <![CDATA[bablu@9690]]>
              </value>
            </param>
            <param index="4">
              <value>
                <![CDATA[bablu@9690]]>
              </value>
            </param>
          </params>
          <reporter-output>
            <line>
              <![CDATA[pass]]>
            </line>
          </reporter-output>
        </test-method> <!-- register -->
        <test-method status="PASS" signature="close()[pri:0, instance:Pomrepository.callingregistertc@675d3402]" name="close" is-config="true" duration-ms="380" started-at="2022-06-14T14:51:28Z" finished-at="2022-06-14T14:51:28Z">
          <reporter-output>
          </reporter-output>
        </test-method> <!-- close -->
      </class> <!-- Pomrepository.callingregistertc -->
    </test> <!-- Default test -->
  </suite> <!-- Default suite -->
</testng-results>
