<?xml version="1.0" encoding="UTF-8"?>
<!-- Generated by org.testng.reporters.JUnitXMLReporter -->
<testsuite hostname="ELF34-SREENIVAS" ignored="0" name="Default test" tests="3" failures="0" timestamp="14 Jun 2022 09:21:29 GMT" time="42.286" errors="0">
  <testcase name="register" time="12.996" classname="Pomrepository.callingregistertc"/>
  <testcase name="register" time="5.024" classname="Pomrepository.callingregistertc"/>
  <testcase name="register" time="5.475" classname="Pomrepository.callingregistertc"/>
</testsuite> <!-- Default test -->
